This is pdfTeX, Version 3.141592653-2.6-1.40.29 (MiKTeX 26.2) (preloaded format=pdflatex 2026.4.4)  4 APR 2026 17:35
entering extended mode
 restricted \write18 enabled.
 file:line:error style messages enabled.
 %&-line parsing enabled.
**./Procotolo_deRevisao.tex
(Procotolo_deRevisao.tex
LaTeX2e <2025-11-01>
L3 programming layer <2026-01-19>
(C:\Program Files\MiKTeX\tex/latex/base\article.cls
Document Class: article 2025/01/22 v1.4n Standard LaTeX document class
(C:\Program Files\MiKTeX\tex/latex/base\size12.clo
File: size12.clo 2025/01/22 v1.4n Standard LaTeX file (size option)
)
\c@part=\count275
\c@section=\count276
\c@subsection=\count277
\c@subsubsection=\count278
\c@paragraph=\count279
\c@subparagraph=\count280
\c@figure=\count281
\c@table=\count282
\abovecaptionskip=\skip49
\belowcaptionskip=\skip50
\bibindent=\dimen148
) (C:\Program Files\MiKTeX\tex/latex/base\inputenc.sty
Package: inputenc 2024/02/08 v1.3d Input encoding file
\inpenc@prehook=\toks17
\inpenc@posthook=\toks18
) (C:\Program Files\MiKTeX\tex/latex/base\fontenc.sty
Package: fontenc 2025/07/18 v2.1d Standard LaTeX package
) (C:\Users\Noedson\AppData\Roaming\MiKTeX\tex/latex/geometry\geometry.sty
Package: geometry 2020/01/02 v5.9 Page Geometry
 (C:\Program Files\MiKTeX\tex/latex/graphics\keyval.sty
Package: keyval 2022/05/29 v1.15 key=value parser (DPC)
\KV@toks@=\toks19
) (C:\Program Files\MiKTeX\tex/generic/iftex\ifvtex.sty
Package: ifvtex 2019/10/25 v1.7 ifvtex legacy package. Use iftex instead.
 (C:\Program Files\MiKTeX\tex/generic/iftex\iftex.sty
Package: iftex 2024/12/12 v1.0g TeX engine tests
))
\Gm@cnth=\count283
\Gm@cntv=\count284
\c@Gm@tempcnt=\count285
\Gm@bindingoffset=\dimen149
\Gm@wd@mp=\dimen150
\Gm@odd@mp=\dimen151
\Gm@even@mp=\dimen152
\Gm@layoutwidth=\dimen153
\Gm@layoutheight=\dimen154
\Gm@layouthoffset=\dimen155
\Gm@layoutvoffset=\dimen156
\Gm@dimlist=\toks20
 (C:\Users\Noedson\AppData\Roaming\MiKTeX\tex/latex/geometry\geometry.cfg)) (C:\Users\Noedson\AppData\Roaming\MiKTeX\tex/latex/setspace\setspace.sty
Package: setspace 2022/12/04 v6.7b set line spacing
) (C:\Program Files\MiKTeX\tex/latex/tools\array.sty
Package: array 2025/09/25 v2.6n Tabular extension package (FMi)
\col@sep=\dimen157
\ar@mcellbox=\box53
\extrarowheight=\dimen158
\NC@list=\toks21
\extratabsurround=\skip51
\backup@length=\skip52
\ar@cellbox=\box54
) (C:\Program Files\MiKTeX\tex/latex/graphics\graphicx.sty
Package: graphicx 2024/12/31 v1.2e Enhanced LaTeX Graphics (DPC,SPQR)
 (C:\Program Files\MiKTeX\tex/latex/graphics\graphics.sty
Package: graphics 2024/08/06 v1.4g Standard LaTeX Graphics (DPC,SPQR)
 (C:\Program Files\MiKTeX\tex/latex/graphics\trig.sty
Package: trig 2023/12/02 v1.11 sin cos tan (DPC)
) (C:\Program Files\MiKTeX\tex/latex/graphics-cfg\graphics.cfg
File: graphics.cfg 2016/06/04 v1.11 sample graphics configuration
)
Package graphics Info: Driver file: pdftex.def on input line 106.
 (C:\Program Files\MiKTeX\tex/latex/graphics-def\pdftex.def
File: pdftex.def 2025/09/29 v1.2d Graphics/color driver for pdftex
))
\Gin@req@height=\dimen159
\Gin@req@width=\dimen160
) (C:\Program Files\MiKTeX\tex/latex/tools\tabularx.sty
Package: tabularx 2023/12/11 v2.12a `tabularx' package (DPC)
\TX@col@width=\dimen161
\TX@old@table=\dimen162
\TX@old@col=\dimen163
\TX@target=\dimen164
\TX@delta=\dimen165
\TX@cols=\count286
\TX@ftn=\toks22
) (C:\Users\Noedson\AppData\Roaming\MiKTeX\tex/latex/booktabs\booktabs.sty
Package: booktabs 2020/01/12 v1.61803398 Publication quality tables
\heavyrulewidth=\dimen166
\lightrulewidth=\dimen167
\cmidrulewidth=\dimen168
\belowrulesep=\dimen169
\belowbottomsep=\dimen170
\aboverulesep=\dimen171
\abovetopsep=\dimen172
\cmidrulesep=\dimen173
\cmidrulekern=\dimen174
\defaultaddspace=\dimen175
\@cmidla=\count287
\@cmidlb=\count288
\@aboverulesep=\dimen176
\@belowrulesep=\dimen177
\@thisruleclass=\count289
\@lastruleclass=\count290
\@thisrulewidth=\dimen178
) (C:\Users\Noedson\AppData\Roaming\MiKTeX\tex/latex/multirow\multirow.sty
Package: multirow 2024/11/12 v2.9 Span multiple rows of a table
\multirow@colwidth=\skip53
\multirow@cntb=\count291
\multirow@dima=\skip54
\bigstrutjot=\dimen179
) (C:\Program Files\MiKTeX\tex/latex/tools\longtable.sty
Package: longtable 2025-10-13 v4.24 Multi-page Table package (DPC)
\LTleft=\skip55
\LTright=\skip56
\LTpre=\skip57
\LTpost=\skip58
\LTchunksize=\count292
\LTcapwidth=\dimen180
\LT@head=\box55
\LT@firsthead=\box56
\LT@foot=\box57
\LT@lastfoot=\box58
\LT@gbox=\box59
\LT@cols=\count293
\LT@rows=\count294
\c@LT@tables=\count295
\c@LT@chunks=\count296
\LT@p@ftn=\toks23
) (C:\Users\Noedson\AppData\Roaming\MiKTeX\tex/latex/enumitem\enumitem.sty
Package: enumitem 2025/02/06 v3.11 Customized lists
\labelindent=\skip59
\enit@outerparindent=\dimen181
\enit@toks=\toks24
\enit@inbox=\box60
\enit@count@id=\count297
\enitdp@description=\count298
) (C:\Users\Noedson\AppData\Roaming\MiKTeX\tex/latex/float\float.sty
Package: float 2001/11/08 v1.3d Float enhancements (AL)
\c@float@type=\count299
\float@exts=\toks25
\float@box=\box61
\@float@everytoks=\toks26
\@floatcapt=\box62
) (C:\Users\Noedson\AppData\Roaming\MiKTeX\tex/latex/placeins\placeins.sty
Package: placeins 2005/04/18  v 2.2
) (C:\Users\Noedson\AppData\Roaming\MiKTeX\tex/latex/abntex2\abntex2cite.sty
Package: abntex2cite 2018/11/24 v-1.9.7 abnTeX2
 (C:\Program Files\MiKTeX\tex/latex/base\ifthen.sty
Package: ifthen 2024/03/16 v1.1e Standard LaTeX ifthen package (DPC)
) (C:\Program Files\MiKTeX\tex/latex/tools\calc.sty
Package: calc 2025/03/01 v4.3b Infix arithmetic (KKT,FJ)
\calc@Acount=\count300
\calc@Bcount=\count301
\calc@Adimen=\dimen182
\calc@Bdimen=\dimen183
\calc@Askip=\skip60
\calc@Bskip=\skip61
LaTeX Info: Redefining \setlength on input line 86.
LaTeX Info: Redefining \addtolength on input line 87.
\calc@Ccount=\count302
\calc@Cskip=\skip62
) (C:\Users\Noedson\AppData\Roaming\MiKTeX\tex/latex/abntex2\abntex2abrev.sty) (C:\Program Files\MiKTeX\tex/latex/url\url.sty
\Urlmuskip=\muskip17
Package: url 2013/09/16  ver 3.4  Verb mode for urls, etc.
)
\minimumbiblabelwidth=\skip63
\ABCIauxlen=\skip64
\c@ABCIaux=\count303
\c@ABCImax=\count304
 (C:\Program Files\MiKTeX\tex/generic/iftex\ifpdf.sty
Package: ifpdf 2019/10/25 v3.4 ifpdf legacy package. Use iftex instead.
) (C:\Program Files\MiKTeX\tex/generic/iftex\ifxetex.sty
Package: ifxetex 2019/10/25 v0.7 ifxetex legacy package. Use iftex instead.
) (C:\Users\Noedson\AppData\Roaming\MiKTeX\tex/latex/relsize\relsize.sty
Package: relsize 2013/03/29 ver 4.1
)
\biblabelsep=\skip65
LaTeX Info: Redefining \newblock on input line 591.
LaTeX Info: Redefining \cite on input line 618.
\ABCItoken=\toks27
) (C:\Program Files\MiKTeX\tex/latex/hyperref\hyperref.sty
Package: hyperref 2026-01-29 v7.01p Hypertext links for LaTeX
 (C:\Users\Noedson\AppData\Roaming\MiKTeX\tex/latex/kvsetkeys\kvsetkeys.sty
Package: kvsetkeys 2022-10-05 v1.19 Key value parser (HO)
) (C:\Users\Noedson\AppData\Roaming\MiKTeX\tex/generic/kvdefinekeys\kvdefinekeys.sty
Package: kvdefinekeys 2019-12-19 v1.6 Define keys (HO)
) (C:\Users\Noedson\AppData\Roaming\MiKTeX\tex/generic/pdfescape\pdfescape.sty
Package: pdfescape 2019/12/09 v1.15 Implements pdfTeX's escape features (HO)
 (C:\Users\Noedson\AppData\Roaming\MiKTeX\tex/generic/ltxcmds\ltxcmds.sty
Package: ltxcmds 2023-12-04 v1.26 LaTeX kernel commands for general use (HO)
) (C:\Program Files\MiKTeX\tex/generic/pdftexcmds\pdftexcmds.sty
Package: pdftexcmds 2020-06-27 v0.33 Utility functions of pdfTeX for LuaTeX (HO)
 (C:\Users\Noedson\AppData\Roaming\MiKTeX\tex/generic/infwarerr\infwarerr.sty
Package: infwarerr 2019/12/03 v1.5 Providing info/warning/error messages (HO)
)
Package pdftexcmds Info: \pdf@primitive is available.
Package pdftexcmds Info: \pdf@ifprimitive is available.
Package pdftexcmds Info: \pdfdraftmode found.
)) (C:\Users\Noedson\AppData\Roaming\MiKTeX\tex/latex/hycolor\hycolor.sty
Package: hycolor 2020-01-27 v1.10 Color options for hyperref/bookmark (HO)
) (C:\Program Files\MiKTeX\tex/latex/hyperref\nameref.sty
Package: nameref 2026-01-29 v2.58 Cross-referencing by name of section
 (C:\Users\Noedson\AppData\Roaming\MiKTeX\tex/latex/refcount\refcount.sty
Package: refcount 2019/12/15 v3.6 Data extraction from label references (HO)
) (C:\Users\Noedson\AppData\Roaming\MiKTeX\tex/generic/gettitlestring\gettitlestring.sty
Package: gettitlestring 2019/12/15 v1.6 Cleanup title references (HO)
 (C:\Users\Noedson\AppData\Roaming\MiKTeX\tex/latex/kvoptions\kvoptions.sty
Package: kvoptions 2022-06-15 v3.15 Key value format for package options (HO)
))
\c@section@level=\count305
) (C:\Program Files\MiKTeX\tex/latex/etoolbox\etoolbox.sty
Package: etoolbox 2025/10/02 v2.5m e-TeX tools for LaTeX (JAW)
\etb@tempcnta=\count306
) (C:\Users\Noedson\AppData\Roaming\MiKTeX\tex/generic/stringenc\stringenc.sty
Package: stringenc 2019/11/29 v1.12 Convert strings between diff. encodings (HO)
)
\@linkdim=\dimen184
\Hy@linkcounter=\count307
\Hy@pagecounter=\count308
 (C:\Program Files\MiKTeX\tex/latex/hyperref\pd1enc.def
File: pd1enc.def 2026-01-29 v7.01p Hyperref: PDFDocEncoding definition (HO)
Now handling font encoding PD1 ...
... no UTF-8 mapping file for font encoding PD1
) (C:\Users\Noedson\AppData\Roaming\MiKTeX\tex/generic/intcalc\intcalc.sty
Package: intcalc 2019/12/15 v1.3 Expandable calculations with integers (HO)
)
\Hy@SavedSpaceFactor=\count309
 (C:\Program Files\MiKTeX\tex/latex/hyperref\puenc.def
File: puenc.def 2026-01-29 v7.01p Hyperref: PDF Unicode definition (HO)
Now handling font encoding PU ...
... no UTF-8 mapping file for font encoding PU
)
Package hyperref Info: Hyper figures OFF on input line 4201.
Package hyperref Info: Link nesting OFF on input line 4206.
Package hyperref Info: Hyper index ON on input line 4209.
Package hyperref Info: Plain pages OFF on input line 4216.
Package hyperref Info: Backreferencing OFF on input line 4221.
Package hyperref Info: Implicit mode ON; LaTeX internals redefined.
Package hyperref Info: Bookmarks ON on input line 4468.
\c@Hy@tempcnt=\count310
LaTeX Info: Redefining \url on input line 4807.
\XeTeXLinkMargin=\dimen185
 (C:\Users\Noedson\AppData\Roaming\MiKTeX\tex/generic/bitset\bitset.sty
Package: bitset 2019/12/09 v1.3 Handle bit-vector datatype (HO)
 (C:\Users\Noedson\AppData\Roaming\MiKTeX\tex/generic/bigintcalc\bigintcalc.sty
Package: bigintcalc 2019/12/15 v1.5 Expandable calculations on big integers (HO)
))
\Fld@menulength=\count311
\Field@Width=\dimen186
\Fld@charsize=\dimen187
Package hyperref Info: Hyper figures OFF on input line 6084.
Package hyperref Info: Link nesting OFF on input line 6089.
Package hyperref Info: Hyper index ON on input line 6092.
Package hyperref Info: backreferencing OFF on input line 6099.
Package hyperref Info: Link coloring OFF on input line 6104.
Package hyperref Info: Link coloring with OCG OFF on input line 6109.
Package hyperref Info: PDF/A mode OFF on input line 6114.
\Hy@abspage=\count312
\c@Item=\count313
\c@Hfootnote=\count314
)
Package hyperref Info: Driver (autodetected): hpdftex.
 (C:\Program Files\MiKTeX\tex/latex/hyperref\hpdftex.def
File: hpdftex.def 2026-01-29 v7.01p Hyperref driver for pdfTeX
\Fld@listcount=\count315
\c@bookmark@seq@number=\count316
 (C:\Users\Noedson\AppData\Roaming\MiKTeX\tex/latex/rerunfilecheck\rerunfilecheck.sty
Package: rerunfilecheck 2025-06-21 v1.11 Rerun checks for auxiliary files (HO)
 (C:\Users\Noedson\AppData\Roaming\MiKTeX\tex/generic/uniquecounter\uniquecounter.sty
Package: uniquecounter 2019/12/15 v1.4 Provide unlimited unique counter (HO)
)
Package uniquecounter Info: New unique counter `rerunfilecheck' on input line 284.
)
\Hy@SectionHShift=\skip66
)
\c@artigoIncluido=\count317
\c@artigoExcluido=\count318
\c@artigoAvaliado=\count319
 (C:\Program Files\MiKTeX\tex/latex/l3backend\l3backend-pdftex.def
File: l3backend-pdftex.def 2025-10-09 L3 backend support: PDF output (pdfTeX)
\l__color_backend_stack_int=\count320
) (Procotolo_deRevisao.aux

LaTeX Warning: Label `++EXPL' multiply defined.


LaTeX Warning: Label `++IMPL' multiply defined.


LaTeX Warning: Label `++YEAR' multiply defined.


LaTeX Warning: Label `++EXPL' multiply defined.


LaTeX Warning: Label `++IMPL' multiply defined.


LaTeX Warning: Label `++YEAR' multiply defined.


LaTeX Warning: Label `++EXPL' multiply defined.


LaTeX Warning: Label `++IMPL' multiply defined.


LaTeX Warning: Label `++YEAR' multiply defined.


LaTeX Warning: Label `++EXPL' multiply defined.


LaTeX Warning: Label `++IMPL' multiply defined.


LaTeX Warning: Label `++YEAR' multiply defined.


LaTeX Warning: Label `++EXPL' multiply defined.


LaTeX Warning: Label `++IMPL' multiply defined.


LaTeX Warning: Label `++YEAR' multiply defined.


LaTeX Warning: Label `++EXPL' multiply defined.


LaTeX Warning: Label `++IMPL' multiply defined.


LaTeX Warning: Label `++YEAR' multiply defined.


LaTeX Warning: Label `++EXPL' multiply defined.


LaTeX Warning: Label `++IMPL' multiply defined.


LaTeX Warning: Label `++YEAR' multiply defined.


LaTeX Warning: Label `++EXPL' multiply defined.


LaTeX Warning: Label `++IMPL' multiply defined.


LaTeX Warning: Label `++YEAR' multiply defined.


LaTeX Warning: Label `++EXPL' multiply defined.


LaTeX Warning: Label `++IMPL' multiply defined.


LaTeX Warning: Label `++YEAR' multiply defined.

)
\openout1 = `Procotolo_deRevisao.aux'.

LaTeX Font Info:    Checking defaults for OML/cmm/m/it on input line 113.
LaTeX Font Info:    ... okay on input line 113.
LaTeX Font Info:    Checking defaults for OMS/cmsy/m/n on input line 113.
LaTeX Font Info:    ... okay on input line 113.
LaTeX Font Info:    Checking defaults for OT1/cmr/m/n on input line 113.
LaTeX Font Info:    ... okay on input line 113.
LaTeX Font Info:    Checking defaults for T1/cmr/m/n on input line 113.
LaTeX Font Info:    ... okay on input line 113.
LaTeX Font Info:    Checking defaults for TS1/cmr/m/n on input line 113.
LaTeX Font Info:    ... okay on input line 113.
LaTeX Font Info:    Checking defaults for OMX/cmex/m/n on input line 113.
LaTeX Font Info:    ... okay on input line 113.
LaTeX Font Info:    Checking defaults for U/cmr/m/n on input line 113.
LaTeX Font Info:    ... okay on input line 113.
LaTeX Font Info:    Checking defaults for PD1/pdf/m/n on input line 113.
LaTeX Font Info:    ... okay on input line 113.
LaTeX Font Info:    Checking defaults for PU/pdf/m/n on input line 113.
LaTeX Font Info:    ... okay on input line 113.

*geometry* driver: auto-detecting
*geometry* detected driver: pdftex
*geometry* verbose mode - [ preamble ] result:
* driver: pdftex
* paper: a4paper
* layout: <same size as paper>
* layoutoffset:(h,v)=(0.0pt,0.0pt)
* modes: 
* h-part:(L,W,R)=(71.13188pt, 455.24411pt, 71.13188pt)
* v-part:(T,H,B)=(71.13188pt, 702.78308pt, 71.13188pt)
* \paperwidth=597.50787pt
* \paperheight=845.04684pt
* \textwidth=455.24411pt
* \textheight=702.78308pt
* \oddsidemargin=-1.1381pt
* \evensidemargin=-1.1381pt
* \topmargin=-38.1381pt
* \headheight=12.0pt
* \headsep=25.0pt
* \topskip=12.0pt
* \footskip=30.0pt
* \marginparwidth=35.0pt
* \marginparsep=10.0pt
* \columnsep=10.0pt
* \skip\footins=10.8pt plus 4.0pt minus 2.0pt
* \hoffset=0.0pt
* \voffset=0.0pt
* \mag=1000
* \@twocolumnfalse
* \@twosidefalse
* \@mparswitchfalse
* \@reversemarginfalse
* (1in=72.27pt=25.4mm, 1cm=28.453pt)

(C:\Program Files\MiKTeX\tex/context/base/mkii\supp-pdf.mkii
[Loading MPS to PDF converter (version 2006.09.02).]
\scratchcounter=\count321
\scratchdimen=\dimen188
\scratchbox=\box63
\nofMPsegments=\count322
\nofMParguments=\count323
\everyMPshowfont=\toks28
\MPscratchCnt=\count324
\MPscratchDim=\dimen189
\MPnumerator=\count325
\makeMPintoPDFobject=\count326
\everyMPtoPDFconversion=\toks29
) (C:\Program Files\MiKTeX\tex/latex/epstopdf-pkg\epstopdf-base.sty
Package: epstopdf-base 2020-01-24 v2.11 Base part for package epstopdf
Package epstopdf-base Info: Redefining graphics rule for `.eps' on input line 485.
 (C:\Program Files\MiKTeX\tex/latex/00miktex\epstopdf-sys.cfg
File: epstopdf-sys.cfg 2021/03/18 v2.0 Configuration of epstopdf for MiKTeX
))
Package hyperref Info: Link coloring OFF on input line 113.
 (Procotolo_deRevisao.out) (Procotolo_deRevisao.out)
\@outlinefile=\write3
\openout3 = `Procotolo_deRevisao.out'.

 [1

{C:/Users/Noedson/AppData/Local/MiKTeX/fonts/map/pdftex/pdftex.map}]
LaTeX Font Info:    External font `cmex10' loaded for size
(Font)              <12> on input line 167.
LaTeX Font Info:    External font `cmex10' loaded for size
(Font)              <8> on input line 167.
LaTeX Font Info:    External font `cmex10' loaded for size
(Font)              <6> on input line 167.

Underfull \hbox (badness 10000) in paragraph at lines 169--169
[]|\T1/cmr/bx/n/12 Palavra-chave em
 []


Underfull \hbox (badness 10000) in paragraph at lines 169--169
[]|\T1/cmr/bx/n/12 Palavra-chave em
 []


Underfull \hbox (badness 1205) in paragraph at lines 169--170
[]|\T1/cmr/bx/n/12 Sinonimos em In-
 []


Underfull \hbox (badness 1852) in paragraph at lines 171--172
[]|\T1/cmr/m/n/12 Ambient air qual-ity,
 []


Underfull \hbox (badness 10000) in paragraph at lines 173--173
[]|\T1/cmr/m/n/12 Campus in-teligente,
 []


Underfull \hbox (badness 10000) in paragraph at lines 173--174
[]|\T1/cmr/m/n/12 Intelligent cam-pus,
 []


Underfull \hbox (badness 10000) in paragraph at lines 173--174
\T1/cmr/m/n/12 Con-nected cam-pus,
 []


Underfull \hbox (badness 2735) in paragraph at lines 175--175
[]|\T1/cmr/m/n/12 Internet das Coisas,
 []


Underfull \hbox (badness 2556) in paragraph at lines 175--175
\T1/cmr/m/n/12 Dis-pos-i-tivos conec-ta-
 []


Underfull \hbox (badness 7925) in paragraph at lines 175--176
[]|\T1/cmr/m/n/12 Internet of Things,
 []


Underfull \hbox (badness 1655) in paragraph at lines 175--176
\T1/cmr/m/n/12 IoT Sys-tems, Smart
 []


Underfull \hbox (badness 10000) in paragraph at lines 177--177
[]|\T1/cmr/m/n/12 Rede LP-WAN de
 []


Underfull \hbox (badness 10000) in paragraph at lines 177--177
\T1/cmr/m/n/12 longo al-cance, In-
 []


Underfull \hbox (badness 10000) in paragraph at lines 177--177
\T1/cmr/m/n/12 fraestru-tura Lo-
 []


Underfull \hbox (badness 5533) in paragraph at lines 177--178
[]|\T1/cmr/m/n/12 LoRaWAN Net-work,
 []


Underfull \hbox (badness 10000) in paragraph at lines 179--180
[]|\T1/cmr/m/n/12 FIWARE Plat-form,
 []


Underfull \hbox (badness 10000) in paragraph at lines 181--181
[]|\T1/cmr/m/n/12 Prediçăo de curto
 []


Underfull \hbox (badness 4144) in paragraph at lines 181--181
[]|\T1/cmr/m/n/12 Short-term pol-lu-tant
 []


Overfull \hbox (49.99994pt too wide) in paragraph at lines 167--184
 [][] 
 []


Overfull \hbox (13.94131pt too wide) in paragraph at lines 206--206
[]\T1/cmtt/m/n/12 - (("qualidade do ar" OR "poluiçăo do ar" OR "qualidade do ar interior") AND[] 
 []


Overfull \hbox (13.94131pt too wide) in paragraph at lines 206--206
[]   \T1/cmtt/m/n/12 ("campus inteligente" OR "campus universitário" OR "ensino superior") AND[] 
 []

[2]
Overfull \hbox (4.04782pt too wide) in paragraph at lines 249--255
\T1/cmr/m/n/12 mora-mento do IQAr-Mobi, pri-or-izando ar-quite-turas IoT mod-u-lares (Lo-RaWAN/FIWARE),
 []

[3]
Overfull \hbox (19.09775pt too wide) in paragraph at lines 327--327
[]|\T1/cmr/bx/n/10.95 Publicaçăo|  
 []

[4]
Overfull \vbox (7.78136pt too high) has occurred while \output is active []

 [5]
Overfull \hbox (13.40685pt too wide) in paragraph at lines 361--361
[]|\T1/cmr/bx/n/10.95 Publicaçăo| 
 []


Underfull \hbox (badness 1028) in paragraph at lines 361--361
[]|\T1/cmr/m/n/10.95 Bruna M. O. Silva,
 []


Underfull \hbox (badness 6893) in paragraph at lines 361--361
\T1/cmr/m/n/10.95 Re-nato F. Bulcăo-
 []


Underfull \hbox (badness 10000) in paragraph at lines 361--361
[]|\T1/cmr/m/n/10.95 International
 []


Underfull \hbox (badness 10000) in paragraph at lines 361--361
\T1/cmr/m/n/10.95 Jour-nal of
 []


Underfull \hbox (badness 10000) in paragraph at lines 361--361
\T1/cmr/m/n/10.95 puter Sci-ence
 []


Underfull \hbox (badness 10000) in paragraph at lines 361--361
\T1/cmr/m/n/10.95 and Ap-pli-ca-
 []


Underfull \hbox (badness 10000) in paragraph at lines 361--361
[]|\T1/cmr/m/n/10.95 Pablo Leon Ro-
 []


Underfull \hbox (badness 1968) in paragraph at lines 361--361
\T1/cmr/m/n/10.95 i-tal da Uni-ver-
 []


Underfull \hbox (badness 10000) in paragraph at lines 361--361
[]|\T1/cmr/m/n/10.95 Ana Car-olina Ca-
 []


Underfull \hbox (badness 10000) in paragraph at lines 361--361
\T1/cmr/m/n/10.95 Fe-lipe Hashimoto
 []


Underfull \hbox (badness 1688) in paragraph at lines 361--361
\T1/cmr/m/n/10.95 Faria and Iara Ne-
 []


Underfull \hbox (badness 1264) in paragraph at lines 361--361
\T1/cmr/m/n/10.95 greiros and Lu-ciana
 []


Underfull \hbox (badness 10000) in paragraph at lines 361--361
\T1/cmr/m/n/10.95 Ro-goschewski and
 []


Underfull \hbox (badness 5696) in paragraph at lines 361--361
\T1/cmr/m/n/10.95 Re-giane Relva Ro-
 []


Underfull \hbox (badness 4660) in paragraph at lines 361--361
\T1/cmr/m/n/10.95 mano and Roberto
 []


Underfull \hbox (badness 10000) in paragraph at lines 363--372

 []


Overfull \hbox (4.64769pt too wide) in paragraph at lines 423--423
 []|\T1/cmr/m/n/12 100%| 
 []


LaTeX Warning: Citation `edgar2024' undefined on input line 423.


LaTeX Warning: Citation `eusebio2024' undefined on input line 423.

[6] [7] [8] [9] (Procotolo_deRevisao.bbl) [10] (Procotolo_deRevisao.aux)
 ***********
LaTeX2e <2025-11-01>
L3 programming layer <2026-01-19>
 ***********


LaTeX Warning: There were undefined references.


LaTeX Warning: There were multiply-defined labels.

Package rerunfilecheck Info: File `Procotolo_deRevisao.out' has not changed.
(rerunfilecheck)             Checksum: D41D8CD98F00B204E9800998ECF8427E;0.
 ) 
Here is how much of TeX's memory you used:
 10605 strings out of 467866
 165242 string characters out of 5428375
 599117 words of memory out of 5000000
 39319 multiletter control sequences out of 15000+600000
 639573 words of font info for 65 fonts, out of 8000000 for 9000
 1141 hyphenation exceptions out of 8191
 75i,10n,79p,278b,445s stack positions out of 10000i,1000n,20000p,200000b,200000s
 <C:\Users\Noedson\AppData\Local\MiKTeX\fonts/pk/ljfour/jknappen/ec/dpi600\ecti1200.pk> <C:\Users\Noedson\AppData\Local\MiKTeX\fonts/pk/ljfour/jknappen/ec/dpi600\tcbx1200.pk> <C:\Users\Noedson\AppData\Local\MiKTeX\fonts/pk/ljfour/jknappen/ec/dpi600\ecrm1095.pk> <C:\Users\Noedson\AppData\Local\MiKTeX\fonts/pk/ljfour/jknappen/ec/dpi600\tcbx1095.pk> <C:\Users\Noedson\AppData\Local\MiKTeX\fonts/pk/ljfour/jknappen/ec/dpi600\ecbx1095.pk> <C:\Users\Noedson\AppData\Local\MiKTeX\fonts/pk/ljfour/jknappen/ec/dpi600\ecbx1440.pk> <C:\Users\Noedson\AppData\Local\MiKTeX\fonts/pk/ljfour/jknappen/ec/dpi600\ectt1200.pk> <C:\Users\Noedson\AppData\Local\MiKTeX\fonts/pk/ljfour/jknappen/ec/dpi600\tcrm1200.pk> <C:\Users\Noedson\AppData\Local\MiKTeX\fonts/pk/ljfour/jknappen/ec/dpi600\ecrm1200.pk> <C:\Users\Noedson\AppData\Local\MiKTeX\fonts/pk/ljfour/jknappen/ec/dpi600\ecbx1200.pk> <C:\Users\Noedson\AppData\Local\MiKTeX\fonts/pk/ljfour/jknappen/ec/dpi600\ecbx1728.pk><C:/Program Files/MiKTeX/fonts/type1/public/amsfonts/cm/cmmi12.pfb><C:/Program Files/MiKTeX/fonts/type1/public/amsfonts/cm/cmsy10.pfb>
Output written on Procotolo_deRevisao.pdf (10 pages, 191284 bytes).
PDF statistics:
 539 PDF objects out of 1000 (max. 8388607)
 30 named destinations out of 1000 (max. 500000)
 1 words of extra memory for PDF output out of 10000 (max. 10000000)

